Node 5 up.
Node 5: holderNode is Actor[akka://TBDMX/user/node1#1723886993]
Node 5(holder: false): requesting CS
Node 5: Queue is now [Actor[akka://TBDMX/user/node5#548500805]]
Node 5: access granted by Actor[akka://TBDMX/user/node1#1723886993]
Node 5: serving Actor[akka://TBDMX/user/node5#548500805]. Queue is now []
Entering CS @ node 5
Exiting CS @ node 5
Node 5(holder: true): requesting CS
Entering CS @ node 5
Exiting CS @ node 5
Node 5(using: false, asked: false): received request from Actor[akka://TBDMX/user/node1#1723886993]
Node 5: Queue is now [Actor[akka://TBDMX/user/node1#1723886993]]
Node 5: serving Actor[akka://TBDMX/user/node1#1723886993]. Queue is now []
Node 5 crashed.
Before crashing []
Node 5 recovering.
Node 5(holder: true): requesting CS
Node 5: recovery requestCS enqueued
Node 5: recoveryQueue is now [Actor[akka://TBDMX/user/node5#548500805]]
Node 5 received advice from node: Actor[akka://TBDMX/user/node1#1723886993] containing: this.sender: Actor[akka://TBDMX/user/node1#1723886993] this.holder: false this.asked: true this.inRequestQueue: false this.adviceCounter: 1
Holder found again! Actor[akka://TBDMX/user/node1#1723886993] inrequestQueue: false
Node 5: During recovery: false
After crashing [Actor[akka://TBDMX/user/node5#548500805]]
Node 5: access granted by Actor[akka://TBDMX/user/node1#1723886993]
Node 5: serving Actor[akka://TBDMX/user/node5#548500805]. Queue is now []
Entering CS @ node 5
Exiting CS @ node 5
